<?xml version="1.0" encoding="UTF-8"?>
<!-- Generated by org.testng.reporters.JUnitReportReporter -->
<testsuite skipped="0" hostname="LAPTOP-29CDN1KE" name="TestPage.DemoTest" tests="1" failures="0" timestamp="2020-12-15T10:19:39 IST" time="0.029" errors="0">
  <testcase name="InputFormTest" time="0.029" classname="TestPage.DemoTest"/>
  <system-out/>
</testsuite> <!-- TestPage.DemoTest -->
